#
# There is insufficient memory for the Java Runtime Environment to continue.
# Native memory allocation (malloc) failed to allocate 1048576 bytes for AllocateHeap
# Possible reasons:
#   The system is out of physical RAM or swap space
#   In 32 bit mode, the process size limit was hit
# Possible solutions:
#   Reduce memory load on the system
#   Increase physical memory or swap space
#   Check if swap backing store is full
#   Use 64 bit Java on a 64 bit OS
#   Decrease Java heap size (-Xmx/-Xms)
#   Decrease number of Java threads
#   Decrease Java thread stack sizes (-Xss)
#   Set larger code cache with -XX:ReservedCodeCacheSize=
# This output file may be truncated or incomplete.
#
#  Out of Memory Error (memory/allocation.inline.hpp:61), pid=14620, tid=15480
#
# JRE version:  (7.0_80-b15) (build )
# Java VM: Java HotSpot(TM) 64-Bit Server VM (24.80-b11 mixed mode windows-amd64 compressed oops)
# Failed to write core dump. Minidumps are not enabled by default on client versions of Windows
#

---------------  T H R E A D  ---------------

Current thread (0x00000000026cd800):  JavaThread "Unknown thread" [_thread_in_vm, id=15480, stack(0x00000000027d0000,0x00000000028d0000)]

Stack: [0x00000000027d0000,0x00000000028d0000]

---------------  P R O C E S S  ---------------

Java Threads: ( => current thread )

Other Threads:

=>0x00000000026cd800 (exited) JavaThread "Unknown thread" [_thread_in_vm, id=15480, stack(0x00000000027d0000,0x00000000028d0000)]

VM state:not at safepoint (normal execution)

VM Mutex/Monitor currently owned by a thread: None

Heap
 PSYoungGen      total 18944K, used 327K [0x00000000eb300000, 0x00000000ec800000, 0x0000000100000000)
  eden space 16384K, 2% used [0x00000000eb300000,0x00000000eb351f10,0x00000000ec300000)
  from space 2560K, 0% used [0x00000000ec580000,0x00000000ec580000,0x00000000ec800000)
  to   space 2560K, 0% used [0x00000000ec300000,0x00000000ec300000,0x00000000ec580000)
 ParOldGen       total 42496K, used 0K [0x00000000c1a00000, 0x00000000c4380000, 0x00000000eb300000)
  object space 42496K, 0% used [0x00000000c1a00000,0x00000000c1a00000,0x00000000c4380000)
 PSPermGen       total 21504K, used 697K [0x00000000bc800000, 0x00000000bdd00000, 0x00000000c1a00000)
  object space 21504K, 3% used [0x00000000bc800000,0x00000000bc8ae5c8,0x00000000bdd00000)

Card table byte_map: [0x0000000005a90000,0x0000000005cb0000] byte_map_base: 0x00000000054ac000

Polling page: 0x0000000002610000

Code Cache  [0x00000000029d0000, 0x0000000002c40000, 0x00000000059d0000)
 total_blobs=38 nmethods=0 adapters=20 free_code_cache=48889Kb largest_free_block=50062528

Compilation events (0 events):
No events

GC Heap History (0 events):
No events

Deoptimization events (0 events):
No events

Internal exceptions (0 events):
No events

Events (10 events):
Event: 0.024 loading class 0x0000000002917140
Event: 0.024 loading class 0x0000000002917140 done
Event: 0.024 loading class 0x0000000002917190
Event: 0.024 loading class 0x0000000002917190 done
Event: 0.024 loading class 0x00000000029171e0
Event: 0.025 loading class 0x00000000029171e0 done
Event: 0.026 loading class 0x0000000002917f60
Event: 0.026 loading class 0x0000000002917f60 done
Event: 0.026 loading class 0x0000000002917b80
Event: 0.026 loading class 0x0000000002917b80 done


Dynamic libraries:
0x00007ff679890000 - 0x00007ff6798c3000 	C:\Program Files\Java\jdk1.7.0_80\bin\java.exe
0x00007ffa01b60000 - 0x00007ffa01d31000 	C:\WINDOWS\SYSTEM32\ntdll.dll
0x00007ff9ff4f0000 - 0x00007ff9ff59b000 	C:\WINDOWS\System32\KERNEL32.DLL
0x00007ff9fe0a0000 - 0x00007ff9fe2bd000 	C:\WINDOWS\System32\KERNELBASE.dll
0x00007ff9ff370000 - 0x00007ff9ff412000 	C:\WINDOWS\System32\ADVAPI32.dll
0x00007ff9ffb90000 - 0x00007ff9ffc2e000 	C:\WINDOWS\System32\msvcrt.dll
0x00007ff9ff5a0000 - 0x00007ff9ff5f9000 	C:\WINDOWS\System32\sechost.dll
0x00007ffa01a30000 - 0x00007ffa01b51000 	C:\WINDOWS\System32\RPCRT4.dll
0x00007ff9ff1f0000 - 0x00007ff9ff355000 	C:\WINDOWS\System32\USER32.dll
0x00007ff9fe670000 - 0x00007ff9fe68e000 	C:\WINDOWS\System32\win32u.dll
0x00007ffa013a0000 - 0x00007ffa013d4000 	C:\WINDOWS\System32\GDI32.dll
0x00007ff9fe370000 - 0x00007ff9fe4f2000 	C:\WINDOWS\System32\gdi32full.dll
0x00007ff9f2540000 - 0x00007ff9f27ba000 	C:\WINDOWS\WinSxS\amd64_microsoft.windows.common-controls_6595b64144ccf1df_6.0.14393.953_none_42151e83c686086b\COMCTL32.dll
0x00007ff9ff610000 - 0x00007ff9ff8d8000 	C:\WINDOWS\System32\combase.dll
0x00007ff9fe690000 - 0x00007ff9fe785000 	C:\WINDOWS\System32\ucrtbase.dll
0x00007ff9fe5a0000 - 0x00007ff9fe60a000 	C:\WINDOWS\System32\bcryptPrimitives.dll
0x00007ffa012e0000 - 0x00007ffa0130e000 	C:\WINDOWS\System32\IMM32.DLL
0x0000000072310000 - 0x00000000723e2000 	C:\Program Files\Java\jdk1.7.0_80\jre\bin\msvcr100.dll
0x00000000723f0000 - 0x0000000072bc9000 	C:\Program Files\Java\jdk1.7.0_80\jre\bin\server\jvm.dll
0x00007ff9ff360000 - 0x00007ff9ff368000 	C:\WINDOWS\System32\PSAPI.DLL
0x00007ff9fc3b0000 - 0x00007ff9fc3d3000 	C:\WINDOWS\SYSTEM32\WINMM.dll
0x00007ff9e97e0000 - 0x00007ff9e97e9000 	C:\WINDOWS\SYSTEM32\WSOCK32.dll
0x00007ff9ff9e0000 - 0x00007ff9ffa4a000 	C:\WINDOWS\System32\WS2_32.dll
0x00000000025c0000 - 0x00000000025eb000 	C:\WINDOWS\SYSTEM32\WINMMBASE.dll
0x00007ff9fe050000 - 0x00007ff9fe092000 	C:\WINDOWS\System32\cfgmgr32.dll
0x00000000722c0000 - 0x00000000722cf000 	C:\Program Files\Java\jdk1.7.0_80\jre\bin\verify.dll
0x0000000072290000 - 0x00000000722b8000 	C:\Program Files\Java\jdk1.7.0_80\jre\bin\java.dll
0x0000000072270000 - 0x0000000072286000 	C:\Program Files\Java\jdk1.7.0_80\jre\bin\zip.dll

VM Arguments:
jvm_args: -Dfile.encoding=UTF-8 
java_command: musicm.Musicm
Launcher Type: SUN_STANDARD

Environment Variables:
PATH=C:\oraclexe\app\oracle\product\11.2.0\server\bin;;C:\Program Files\Haskell\bin;C:\Program Files\Haskell Platform\8.0.2\lib\extralibs\bin;C:\Program Files\Haskell Platform\8.0.2\bin;C:\ProgramData\Oracle\Java\javapath;C:\Program Files\Broadcom\Broadcom 802.11 Network Adapter;C:\Program Files (x86)\Intel\iCLS Client\;C:\Program Files\Intel\iCLS Client\;C:\WINDOWS\system32;C:\WINDOWS;C:\WINDOWS\System32\Wbem;C:\WINDOWS\System32\WindowsPowerShell\v1.0\;C:\Program Files (x86)\Intel\Intel(R) Management Engine Components\DAL;C:\Program Files\Intel\Intel(R) Management Engine Components\DAL;C:\Program Files (x86)\Intel\Intel(R) Management Engine Components\IPT;C:\Program Files\Intel\Intel(R) Management Engine Components\IPT;c:\Program Files\Intel\WiFi\bin\;c:\Program Files\Common Files\Intel\WirelessCommon\;E:\program\bin;C:\Python27\;C:\Python27\Scripts;C:\Miniconda2;C:\Miniconda2\Scripts;C:\Miniconda2\Library\bin;C:\Program Files\nodejs\;C:\Program Files\Java\jdk1.8.0_102\bin;C:\Perl64\bin\;C:\masm;C:\sql;C:\Program Files\Haskell Platform\8.0.2\mingw\bin;C:\Program Files (x86)\Windows Kits\10\Windows Performance Toolkit\;C:\ProgramData\chocolatey\bin;C:\Program Files\MySQL\MySQL Utilities 1.6\;C:\Users\mahe\AppData\Roaming\cabal\bin;C:\Users\mahe\AppData\Roaming\local\bin;C:\Users\mahe\AppData\Local\Programs\Python\Python36-32\Scripts\;C:\Users\mahe\AppData\Local\Programs\Python\Python36-32\;c:\Program Files\Intel\WiFi\bin\;c:\Program Files\Common Files\Intel\WirelessCommon\;C:\Program Files (x86)\Nmap;C:\Users\mahe\AppData\Roaming\npm;C:\Program Files\Git\bin;C:\Users\mahe\AppData\Local\Microsoft\WindowsApps
USERNAME=mahe
OS=Windows_NT
PROCESSOR_IDENTIFIER=Intel64 Family 6 Model 61 Stepping 4, GenuineIntel



---------------  S Y S T E M  ---------------

OS: Windows 8.1 , 64 bit Build 9600 

CPU:total 4 (2 cores per cpu, 2 threads per core) family 6 model 61 stepping 4, cmov, cx8, fxsr, mmx, sse, sse2, sse3, ssse3, sse4.1, sse4.2, popcnt, avx, avx2, aes, erms, ht, tsc, tscinvbit

Memory: 4k page, physical 4082796k(855556k free), swap 5618796k(6132k free)

vm_info: Java HotSpot(TM) 64-Bit Server VM (24.80-b11) for windows-amd64 JRE (1.7.0_80-b15), built on Apr 10 2015 11:26:34 by "java_re" with unknown MS VC++:1600

time: Tue Apr 11 13:21:02 2017
elapsed time: 0 seconds

